<?xml version="1.0" encoding="UTF-8"?>
<!-- Generated by org.testng.reporters.JUnitReportReporter -->
<testsuite hostname="Asus" failures="0" tests="1" name="com.ge.testrunner.TestRunner2" time="33.677" errors="0" timestamp="2025-02-11T20:28:07 IST" skipped="0">
  <testcase classname="com.ge.testrunner.TestRunner2" name="runScenario" time="33.677"/>
</testsuite> <!-- com.ge.testrunner.TestRunner2 -->
