<?xml version="1.0" encoding="UTF-8"?>
<!-- Generated by org.testng.reporters.JUnitReportReporter -->
<testsuite hostname="Asus" failures="0" tests="3" name="com.ge.testrunner.TestRunner" time="96.010" errors="0" timestamp="2025-02-12T23:57:09 IST" skipped="0">
  <testcase classname="com.ge.testrunner.TestRunner" name="runScenario" time="32.218"/>
  <testcase classname="com.ge.testrunner.TestRunner" name="runScenario" time="32.174"/>
  <testcase classname="com.ge.testrunner.TestRunner" name="runScenario" time="31.618"/>
</testsuite> <!-- com.ge.testrunner.TestRunner -->
